{"C:\\Users\\Admin\\dev\\todos-2\\src\\reducers\\reducer.ts": {"path":"C:\\Users\\Admin\\dev\\todos-2\\src\\reducers\\reducer.ts","all":false,"statementMap":{"0":{"start":{"line":1,"column":0},"end":{"line":1,"column":26}},"1":{"start":{"line":2,"column":0},"end":{"line":2,"column":49}},"2":{"start":{"line":3,"column":0},"end":{"line":3,"column":0}},"3":{"start":{"line":4,"column":0},"end":{"line":4,"column":72}},"4":{"start":{"line":5,"column":0},"end":{"line":5,"column":24}},"5":{"start":{"line":6,"column":0},"end":{"line":6,"column":18}},"6":{"start":{"line":7,"column":0},"end":{"line":7,"column":71}},"7":{"start":{"line":8,"column":0},"end":{"line":8,"column":15}},"8":{"start":{"line":9,"column":0},"end":{"line":9,"column":14}},"9":{"start":{"line":10,"column":0},"end":{"line":10,"column":17}},"10":{"start":{"line":11,"column":0},"end":{"line":11,"column":9}},"11":{"start":{"line":12,"column":0},"end":{"line":12,"column":31}},"12":{"start":{"line":13,"column":0},"end":{"line":13,"column":32}},"13":{"start":{"line":14,"column":0},"end":{"line":14,"column":27}},"14":{"start":{"line":15,"column":0},"end":{"line":15,"column":10}},"15":{"start":{"line":16,"column":0},"end":{"line":16,"column":8}},"16":{"start":{"line":17,"column":0},"end":{"line":17,"column":18}},"17":{"start":{"line":18,"column":0},"end":{"line":18,"column":32}},"18":{"start":{"line":19,"column":0},"end":{"line":19,"column":34}},"19":{"start":{"line":20,"column":0},"end":{"line":20,"column":51}},"20":{"start":{"line":21,"column":0},"end":{"line":21,"column":16}},"21":{"start":{"line":22,"column":0},"end":{"line":22,"column":8}},"22":{"start":{"line":23,"column":0},"end":{"line":23,"column":12}},"23":{"start":{"line":24,"column":0},"end":{"line":24,"column":19}},"24":{"start":{"line":25,"column":0},"end":{"line":25,"column":3}},"25":{"start":{"line":26,"column":0},"end":{"line":26,"column":2}}},"s":{"0":1,"1":1,"2":1,"3":1,"4":3,"5":3,"6":1,"7":3,"8":1,"9":1,"10":1,"11":1,"12":1,"13":1,"14":1,"15":1,"16":3,"17":1,"18":1,"19":1,"20":1,"21":1,"22":3,"23":0,"24":3,"25":3},"branchMap":{"0":{"type":"branch","line":4,"loc":{"start":{"line":4,"column":27},"end":{"line":26,"column":2}},"locations":[{"start":{"line":4,"column":27},"end":{"line":26,"column":2}}]},"1":{"type":"branch","line":6,"loc":{"start":{"line":6,"column":4},"end":{"line":7,"column":71}},"locations":[{"start":{"line":6,"column":4},"end":{"line":7,"column":71}}]},"2":{"type":"branch","line":8,"loc":{"start":{"line":8,"column":4},"end":{"line":16,"column":8}},"locations":[{"start":{"line":8,"column":4},"end":{"line":16,"column":8}}]},"3":{"type":"branch","line":17,"loc":{"start":{"line":17,"column":4},"end":{"line":22,"column":8}},"locations":[{"start":{"line":17,"column":4},"end":{"line":22,"column":8}}]},"4":{"type":"branch","line":23,"loc":{"start":{"line":23,"column":4},"end":{"line":24,"column":19}},"locations":[{"start":{"line":23,"column":4},"end":{"line":24,"column":19}}]},"5":{"type":"branch","line":7,"loc":{"start":{"line":7,"column":26},"end":{"line":7,"column":40}},"locations":[{"start":{"line":7,"column":26},"end":{"line":7,"column":40}}]},"6":{"type":"branch","line":18,"loc":{"start":{"line":18,"column":23},"end":{"line":19,"column":12}},"locations":[{"start":{"line":18,"column":23},"end":{"line":19,"column":12}}]},"7":{"type":"branch","line":20,"loc":{"start":{"line":20,"column":10},"end":{"line":20,"column":51}},"locations":[{"start":{"line":20,"column":10},"end":{"line":20,"column":51}}]},"8":{"type":"branch","line":21,"loc":{"start":{"line":21,"column":10},"end":{"line":21,"column":16}},"locations":[{"start":{"line":21,"column":10},"end":{"line":21,"column":16}}]}},"b":{"0":[3],"1":[1],"2":[1],"3":[1],"4":[0],"5":[2],"6":[2],"7":[1],"8":[1]},"fnMap":{"0":{"name":"todoReducer","decl":{"start":{"line":4,"column":27},"end":{"line":26,"column":2}},"loc":{"start":{"line":4,"column":27},"end":{"line":26,"column":2}},"line":4}},"f":{"0":3}}
}
